Added Component: Designator=OLED(Header 4P DC 2.54)
Add component (AddParameter): Name = "Chung_Loai"; Value = "C?m"; VariantName = "[No Variations]"
Add component (AddParameter): Name = "Don_Vi"; Value = "Con"; VariantName = "[No Variations]"
Add component (AddParameter): Name = "Ghi_Chu"; Value = ""; VariantName = "[No Variations]"
Add component (AddParameter): Name = "Kieu_Chan"; Value = ""; VariantName = "[No Variations]"
Add component (AddParameter): Name = "Ma_Hang"; Value = "MH000903"; VariantName = "[No Variations]"
Add component (AddParameter): Name = "Ten_Linh_Kien"; Value = "Jump Đon Đ?c 2.54MM 1x40P Th?ng 11MM"; VariantName = "[No Variations]"
Added Component: Designator=RFID(Header 8P DC 2.54)
Add component (AddParameter): Name = "Chung_Loai"; Value = "C?m"; VariantName = "[No Variations]"
Add component (AddParameter): Name = "Don_Vi"; Value = "Con"; VariantName = "[No Variations]"
Add component (AddParameter): Name = "Ghi_Chu"; Value = ""; VariantName = "[No Variations]"
Add component (AddParameter): Name = "Kieu_Chan"; Value = ""; VariantName = "[No Variations]"
Add component (AddParameter): Name = "Ma_Hang"; Value = "MH000903"; VariantName = "[No Variations]"
Add component (AddParameter): Name = "Ten_Linh_Kien"; Value = "Jump Đon Đ?c 2.54MM 1x40P Th?ng 11MM"; VariantName = "[No Variations]"
Added Pin To Net: NetName=5V Pin=Cong tac-1
Added Pin To Net: NetName=3.3V Pin=OLED-1
Added Pin To Net: NetName=GND Pin=OLED-2
Added Pin To Net: NetName=I2C_SCK Pin=OLED-3
Added Pin To Net: NetName=I2C_SDA Pin=OLED-4
Added Pin To Net: NetName=RFID_SDA Pin=RFID-1
Added Pin To Net: NetName=RFID_SCK Pin=RFID-2
Added Pin To Net: NetName=RFID_MOSI Pin=RFID-3
Added Pin To Net: NetName=RFID_MISO Pin=RFID-4
Added Pin To Net: NetName=GND Pin=RFID-6
Added Pin To Net: NetName=RFID_RST Pin=RFID-7
Added Pin To Net: NetName=3.3V Pin=RFID-8
Added Member To Class: ClassName=Datn Member=Component OLED
Added Member To Class: ClassName=Datn Member=Component RFID
Added Room: Name=Datn
